  Application.cpp
  Color.cpp
  glmath.cpp
C:\Users\Usuario\Documents\GitHub\Engines-QT\Physics3D_class2 - handout\glmath.cpp(12,13): warning C4244: 'return': conversión de 'double' a 'float'; posible pérdida de datos
C:\Users\Usuario\Documents\GitHub\Engines-QT\Physics3D_class2 - handout\glmath.cpp(27,17): warning C4244: 'argumento': conversión de 'double' a 'float'; posible pérdida de datos
C:\Users\Usuario\Documents\GitHub\Engines-QT\Physics3D_class2 - handout\glmath.cpp(43,34): warning C4244: 'argumento': conversión de 'double' a 'float'; posible pérdida de datos
C:\Users\Usuario\Documents\GitHub\Engines-QT\Physics3D_class2 - handout\glmath.cpp(53,10): warning C4244: 'inicializando': conversión de 'double' a 'float'; posible pérdida de datos
C:\Users\Usuario\Documents\GitHub\Engines-QT\Physics3D_class2 - handout\glmath.cpp(53,26): warning C4244: 'inicializando': conversión de 'double' a 'float'; posible pérdida de datos
C:\Users\Usuario\Documents\GitHub\Engines-QT\Physics3D_class2 - handout\glmath.cpp(72,13): warning C4244: 'return': conversión de 'double' a 'float'; posible pérdida de datos
C:\Users\Usuario\Documents\GitHub\Engines-QT\Physics3D_class2 - handout\glmath.cpp(87,17): warning C4244: 'argumento': conversión de 'double' a 'float'; posible pérdida de datos
C:\Users\Usuario\Documents\GitHub\Engines-QT\Physics3D_class2 - handout\glmath.cpp(103,34): warning C4244: 'argumento': conversión de 'double' a 'float'; posible pérdida de datos
C:\Users\Usuario\Documents\GitHub\Engines-QT\Physics3D_class2 - handout\glmath.cpp(600,13): warning C4244: 'inicializando': conversión de 'double' a 'float'; posible pérdida de datos
C:\Users\Usuario\Documents\GitHub\Engines-QT\Physics3D_class2 - handout\glmath.cpp(618,10): warning C4244: 'inicializando': conversión de 'double' a 'float'; posible pérdida de datos
C:\Users\Usuario\Documents\GitHub\Engines-QT\Physics3D_class2 - handout\glmath.cpp(618,33): warning C4244: 'inicializando': conversión de 'double' a 'float'; posible pérdida de datos
C:\Users\Usuario\Documents\GitHub\Engines-QT\Physics3D_class2 - handout\glmath.cpp(758,13): warning C4244: 'inicializando': conversión de 'double' a 'float'; posible pérdida de datos
C:\Users\Usuario\Documents\GitHub\Engines-QT\Physics3D_class2 - handout\glmath.cpp(778,10): warning C4244: 'inicializando': conversión de 'double' a 'float'; posible pérdida de datos
C:\Users\Usuario\Documents\GitHub\Engines-QT\Physics3D_class2 - handout\glmath.cpp(778,33): warning C4244: 'inicializando': conversión de 'double' a 'float'; posible pérdida de datos
  Light.cpp
  log.cpp
  Main.cpp
  ModuleAudio.cpp
  ModuleCamera3D.cpp
  ModuleInput.cpp
  ModulePhysics3D.cpp
C:\Users\Usuario\Documents\GitHub\Engines-QT\Physics3D_class2 - handout\ModulePhysics3D.cpp(24,19): warning C4150: eliminación de puntero a tipo 'DebugDrawer' incompleto; no se ha llamado a un destructor
C:\Users\Usuario\Documents\GitHub\Engines-QT\Physics3D_class2 - handout\ModulePhysics3D.h(9): message : vea la declaración de 'DebugDrawer'
  ModuleRenderer3D.cpp
  ModuleSceneIntro.cpp
  ModuleWindow.cpp
  Primitive.cpp
  Timer.cpp
  Generando código...
  3D Physics.vcxproj -> C:\Users\Usuario\Documents\GitHub\Engines-QT\Physics3D_class2 - handout\Debug\3D Physics - class2 Handout.exe
